{"timestamp":"2026-07-08T16:25:12.228207","level":"info","event":"Filling up the DagBag from /opt/airflow/dags/first_dag.py","logger":"airflow.models.dagbag.DagBag"}
{"timestamp":"2026-07-08T16:25:42.731688","level":"info","event":"Filling up the DagBag from /opt/airflow/dags/first_dag.py","logger":"airflow.models.dagbag.DagBag"}
{"timestamp":"2026-07-08T16:26:13.252770","level":"info","event":"Filling up the DagBag from /opt/airflow/dags/first_dag.py","logger":"airflow.models.dagbag.DagBag"}
{"timestamp":"2026-07-08T16:26:43.789169","level":"info","event":"Filling up the DagBag from /opt/airflow/dags/first_dag.py","logger":"airflow.models.dagbag.DagBag"}
{"timestamp":"2026-07-08T16:27:14.313412","level":"info","event":"Filling up the DagBag from /opt/airflow/dags/first_dag.py","logger":"airflow.models.dagbag.DagBag"}
{"timestamp":"2026-07-08T16:27:44.821421","level":"info","event":"Filling up the DagBag from /opt/airflow/dags/first_dag.py","logger":"airflow.models.dagbag.DagBag"}
{"timestamp":"2026-07-08T16:28:15.268170","level":"info","event":"Filling up the DagBag from /opt/airflow/dags/first_dag.py","logger":"airflow.models.dagbag.DagBag"}
{"timestamp":"2026-07-08T16:28:45.839035","level":"info","event":"Filling up the DagBag from /opt/airflow/dags/first_dag.py","logger":"airflow.models.dagbag.DagBag"}
{"timestamp":"2026-07-08T16:29:16.233309","level":"info","event":"Filling up the DagBag from /opt/airflow/dags/first_dag.py","logger":"airflow.models.dagbag.DagBag"}
{"timestamp":"2026-07-08T16:29:46.646350","level":"info","event":"Filling up the DagBag from /opt/airflow/dags/first_dag.py","logger":"airflow.models.dagbag.DagBag"}
{"timestamp":"2026-07-08T16:30:17.103574","level":"info","event":"Filling up the DagBag from /opt/airflow/dags/first_dag.py","logger":"airflow.models.dagbag.DagBag"}
{"timestamp":"2026-07-08T16:30:47.545440","level":"info","event":"Filling up the DagBag from /opt/airflow/dags/first_dag.py","logger":"airflow.models.dagbag.DagBag"}
{"timestamp":"2026-07-08T16:31:17.928194","level":"info","event":"Filling up the DagBag from /opt/airflow/dags/first_dag.py","logger":"airflow.models.dagbag.DagBag"}
{"timestamp":"2026-07-08T16:31:48.345381","level":"info","event":"Filling up the DagBag from /opt/airflow/dags/first_dag.py","logger":"airflow.models.dagbag.DagBag"}
{"timestamp":"2026-07-08T16:32:18.780272","level":"info","event":"Filling up the DagBag from /opt/airflow/dags/first_dag.py","logger":"airflow.models.dagbag.DagBag"}
{"timestamp":"2026-07-08T16:32:49.182635","level":"info","event":"Filling up the DagBag from /opt/airflow/dags/first_dag.py","logger":"airflow.models.dagbag.DagBag"}
{"timestamp":"2026-07-08T16:33:19.511532","level":"info","event":"Filling up the DagBag from /opt/airflow/dags/first_dag.py","logger":"airflow.models.dagbag.DagBag"}
{"timestamp":"2026-07-08T16:33:49.898518","level":"info","event":"Filling up the DagBag from /opt/airflow/dags/first_dag.py","logger":"airflow.models.dagbag.DagBag"}
{"timestamp":"2026-07-08T16:34:20.291624","level":"info","event":"Filling up the DagBag from /opt/airflow/dags/first_dag.py","logger":"airflow.models.dagbag.DagBag"}
{"timestamp":"2026-07-08T16:34:50.733654","level":"info","event":"Filling up the DagBag from /opt/airflow/dags/first_dag.py","logger":"airflow.models.dagbag.DagBag"}
{"timestamp":"2026-07-08T16:35:21.144191","level":"info","event":"Filling up the DagBag from /opt/airflow/dags/first_dag.py","logger":"airflow.models.dagbag.DagBag"}
{"timestamp":"2026-07-08T16:35:51.599825","level":"info","event":"Filling up the DagBag from /opt/airflow/dags/first_dag.py","logger":"airflow.models.dagbag.DagBag"}
{"timestamp":"2026-07-08T16:36:21.924010","level":"info","event":"Filling up the DagBag from /opt/airflow/dags/first_dag.py","logger":"airflow.models.dagbag.DagBag"}
{"timestamp":"2026-07-08T16:36:52.318346","level":"info","event":"Filling up the DagBag from /opt/airflow/dags/first_dag.py","logger":"airflow.models.dagbag.DagBag"}
{"timestamp":"2026-07-08T16:37:22.722500","level":"info","event":"Filling up the DagBag from /opt/airflow/dags/first_dag.py","logger":"airflow.models.dagbag.DagBag"}
{"timestamp":"2026-07-08T16:37:53.137803","level":"info","event":"Filling up the DagBag from /opt/airflow/dags/first_dag.py","logger":"airflow.models.dagbag.DagBag"}
{"timestamp":"2026-07-08T16:38:23.487044","level":"info","event":"Filling up the DagBag from /opt/airflow/dags/first_dag.py","logger":"airflow.models.dagbag.DagBag"}
{"timestamp":"2026-07-08T16:38:53.900139","level":"info","event":"Filling up the DagBag from /opt/airflow/dags/first_dag.py","logger":"airflow.models.dagbag.DagBag"}
{"timestamp":"2026-07-08T16:39:24.258626","level":"info","event":"Filling up the DagBag from /opt/airflow/dags/first_dag.py","logger":"airflow.models.dagbag.DagBag"}
{"timestamp":"2026-07-08T16:39:54.553117","level":"info","event":"Filling up the DagBag from /opt/airflow/dags/first_dag.py","logger":"airflow.models.dagbag.DagBag"}
{"timestamp":"2026-07-08T16:40:24.999248","level":"info","event":"Filling up the DagBag from /opt/airflow/dags/first_dag.py","logger":"airflow.models.dagbag.DagBag"}
{"timestamp":"2026-07-08T16:40:55.429762","level":"info","event":"Filling up the DagBag from /opt/airflow/dags/first_dag.py","logger":"airflow.models.dagbag.DagBag"}
{"timestamp":"2026-07-08T16:41:25.852294","level":"info","event":"Filling up the DagBag from /opt/airflow/dags/first_dag.py","logger":"airflow.models.dagbag.DagBag"}
{"timestamp":"2026-07-08T16:41:56.252153","level":"info","event":"Filling up the DagBag from /opt/airflow/dags/first_dag.py","logger":"airflow.models.dagbag.DagBag"}
{"timestamp":"2026-07-08T16:42:26.730126","level":"info","event":"Filling up the DagBag from /opt/airflow/dags/first_dag.py","logger":"airflow.models.dagbag.DagBag"}
{"timestamp":"2026-07-08T16:42:57.284591","level":"info","event":"Filling up the DagBag from /opt/airflow/dags/first_dag.py","logger":"airflow.models.dagbag.DagBag"}
{"timestamp":"2026-07-08T16:43:27.729190","level":"info","event":"Filling up the DagBag from /opt/airflow/dags/first_dag.py","logger":"airflow.models.dagbag.DagBag"}
{"timestamp":"2026-07-08T16:43:58.450721","level":"info","event":"Filling up the DagBag from /opt/airflow/dags/first_dag.py","logger":"airflow.models.dagbag.DagBag"}
{"timestamp":"2026-07-08T16:44:29.078790","level":"info","event":"Filling up the DagBag from /opt/airflow/dags/first_dag.py","logger":"airflow.models.dagbag.DagBag"}
{"timestamp":"2026-07-08T16:44:59.712710","level":"info","event":"Filling up the DagBag from /opt/airflow/dags/first_dag.py","logger":"airflow.models.dagbag.DagBag"}
{"timestamp":"2026-07-08T16:45:30.234497","level":"info","event":"Filling up the DagBag from /opt/airflow/dags/first_dag.py","logger":"airflow.models.dagbag.DagBag"}
{"timestamp":"2026-07-08T16:46:00.765565","level":"info","event":"Filling up the DagBag from /opt/airflow/dags/first_dag.py","logger":"airflow.models.dagbag.DagBag"}
{"timestamp":"2026-07-08T16:46:31.230410","level":"info","event":"Filling up the DagBag from /opt/airflow/dags/first_dag.py","logger":"airflow.models.dagbag.DagBag"}
{"timestamp":"2026-07-08T16:47:01.707433","level":"info","event":"Filling up the DagBag from /opt/airflow/dags/first_dag.py","logger":"airflow.models.dagbag.DagBag"}
{"timestamp":"2026-07-08T16:47:32.113037","level":"info","event":"Filling up the DagBag from /opt/airflow/dags/first_dag.py","logger":"airflow.models.dagbag.DagBag"}
{"timestamp":"2026-07-08T16:48:02.556178","level":"info","event":"Filling up the DagBag from /opt/airflow/dags/first_dag.py","logger":"airflow.models.dagbag.DagBag"}
{"timestamp":"2026-07-08T16:48:33.120913","level":"info","event":"Filling up the DagBag from /opt/airflow/dags/first_dag.py","logger":"airflow.models.dagbag.DagBag"}
{"timestamp":"2026-07-08T16:49:03.673756","level":"info","event":"Filling up the DagBag from /opt/airflow/dags/first_dag.py","logger":"airflow.models.dagbag.DagBag"}
{"timestamp":"2026-07-08T16:49:34.181222","level":"info","event":"Filling up the DagBag from /opt/airflow/dags/first_dag.py","logger":"airflow.models.dagbag.DagBag"}
{"timestamp":"2026-07-08T16:50:04.861981","level":"info","event":"Filling up the DagBag from /opt/airflow/dags/first_dag.py","logger":"airflow.models.dagbag.DagBag"}
{"timestamp":"2026-07-08T16:50:35.585714","level":"info","event":"Filling up the DagBag from /opt/airflow/dags/first_dag.py","logger":"airflow.models.dagbag.DagBag"}
{"timestamp":"2026-07-08T16:51:05.944919","level":"info","event":"Filling up the DagBag from /opt/airflow/dags/first_dag.py","logger":"airflow.models.dagbag.DagBag"}
{"timestamp":"2026-07-08T16:51:36.201581","level":"info","event":"Filling up the DagBag from /opt/airflow/dags/first_dag.py","logger":"airflow.models.dagbag.DagBag"}
{"timestamp":"2026-07-08T16:52:07.152205","level":"info","event":"Filling up the DagBag from /opt/airflow/dags/first_dag.py","logger":"airflow.models.dagbag.DagBag"}
{"timestamp":"2026-07-08T16:52:38.049107","level":"info","event":"Filling up the DagBag from /opt/airflow/dags/first_dag.py","logger":"airflow.models.dagbag.DagBag"}
{"timestamp":"2026-07-08T16:53:08.472918","level":"info","event":"Filling up the DagBag from /opt/airflow/dags/first_dag.py","logger":"airflow.models.dagbag.DagBag"}
{"timestamp":"2026-07-08T16:53:38.897995","level":"info","event":"Filling up the DagBag from /opt/airflow/dags/first_dag.py","logger":"airflow.models.dagbag.DagBag"}
{"timestamp":"2026-07-08T16:54:09.327178","level":"info","event":"Filling up the DagBag from /opt/airflow/dags/first_dag.py","logger":"airflow.models.dagbag.DagBag"}
{"timestamp":"2026-07-08T16:54:39.751010","level":"info","event":"Filling up the DagBag from /opt/airflow/dags/first_dag.py","logger":"airflow.models.dagbag.DagBag"}
{"timestamp":"2026-07-08T16:55:10.170844","level":"info","event":"Filling up the DagBag from /opt/airflow/dags/first_dag.py","logger":"airflow.models.dagbag.DagBag"}
{"timestamp":"2026-07-08T16:55:40.652641","level":"info","event":"Filling up the DagBag from /opt/airflow/dags/first_dag.py","logger":"airflow.models.dagbag.DagBag"}
{"timestamp":"2026-07-08T16:56:11.047613","level":"info","event":"Filling up the DagBag from /opt/airflow/dags/first_dag.py","logger":"airflow.models.dagbag.DagBag"}
{"timestamp":"2026-07-08T16:56:41.439832","level":"info","event":"Filling up the DagBag from /opt/airflow/dags/first_dag.py","logger":"airflow.models.dagbag.DagBag"}
{"timestamp":"2026-07-08T16:57:11.834791","level":"info","event":"Filling up the DagBag from /opt/airflow/dags/first_dag.py","logger":"airflow.models.dagbag.DagBag"}
{"timestamp":"2026-07-08T16:57:42.189101","level":"info","event":"Filling up the DagBag from /opt/airflow/dags/first_dag.py","logger":"airflow.models.dagbag.DagBag"}
{"timestamp":"2026-07-08T16:58:12.588244","level":"info","event":"Filling up the DagBag from /opt/airflow/dags/first_dag.py","logger":"airflow.models.dagbag.DagBag"}
{"timestamp":"2026-07-08T16:58:42.927428","level":"info","event":"Filling up the DagBag from /opt/airflow/dags/first_dag.py","logger":"airflow.models.dagbag.DagBag"}
{"timestamp":"2026-07-08T16:59:13.334640","level":"info","event":"Filling up the DagBag from /opt/airflow/dags/first_dag.py","logger":"airflow.models.dagbag.DagBag"}
{"timestamp":"2026-07-08T16:59:43.800026","level":"info","event":"Filling up the DagBag from /opt/airflow/dags/first_dag.py","logger":"airflow.models.dagbag.DagBag"}
{"timestamp":"2026-07-08T17:00:14.284004","level":"info","event":"Filling up the DagBag from /opt/airflow/dags/first_dag.py","logger":"airflow.models.dagbag.DagBag"}
{"timestamp":"2026-07-08T17:00:44.631732","level":"info","event":"Filling up the DagBag from /opt/airflow/dags/first_dag.py","logger":"airflow.models.dagbag.DagBag"}
{"timestamp":"2026-07-08T17:01:15.130554","level":"info","event":"Filling up the DagBag from /opt/airflow/dags/first_dag.py","logger":"airflow.models.dagbag.DagBag"}
{"timestamp":"2026-07-08T17:01:45.513214","level":"info","event":"Filling up the DagBag from /opt/airflow/dags/first_dag.py","logger":"airflow.models.dagbag.DagBag"}
{"timestamp":"2026-07-08T17:02:15.921073","level":"info","event":"Filling up the DagBag from /opt/airflow/dags/first_dag.py","logger":"airflow.models.dagbag.DagBag"}
{"timestamp":"2026-07-08T17:02:46.404572","level":"info","event":"Filling up the DagBag from /opt/airflow/dags/first_dag.py","logger":"airflow.models.dagbag.DagBag"}
{"timestamp":"2026-07-08T17:03:16.903166","level":"info","event":"Filling up the DagBag from /opt/airflow/dags/first_dag.py","logger":"airflow.models.dagbag.DagBag"}
{"timestamp":"2026-07-08T17:03:47.371393","level":"info","event":"Filling up the DagBag from /opt/airflow/dags/first_dag.py","logger":"airflow.models.dagbag.DagBag"}
{"timestamp":"2026-07-08T17:04:17.942393","level":"info","event":"Filling up the DagBag from /opt/airflow/dags/first_dag.py","logger":"airflow.models.dagbag.DagBag"}
{"timestamp":"2026-07-08T17:04:48.421195","level":"info","event":"Filling up the DagBag from /opt/airflow/dags/first_dag.py","logger":"airflow.models.dagbag.DagBag"}
{"timestamp":"2026-07-08T17:05:18.882255","level":"info","event":"Filling up the DagBag from /opt/airflow/dags/first_dag.py","logger":"airflow.models.dagbag.DagBag"}
{"timestamp":"2026-07-08T17:05:33.312721","level":"info","event":"Filling up the DagBag from /opt/airflow/dags/first_dag.py","logger":"airflow.models.dagbag.DagBag"}
{"timestamp":"2026-07-08T17:05:35.583211","level":"info","event":"Filling up the DagBag from /opt/airflow/dags/first_dag.py","logger":"airflow.models.dagbag.DagBag"}
{"timestamp":"2026-07-08T17:05:35.593176","level":"error","event":"Failed to import: /opt/airflow/dags/first_dag.py","logger":"airflow.models.dagbag.DagBag","error_detail":[{"exc_type":"SyntaxError","exc_value":"invalid syntax (first_dag.py, line 6)","exc_notes":[],"syntax_error":{"offset":4,"filename":"/opt/airflow/dags/first_dag.py","line":"def\n","lineno":6,"msg":"invalid syntax"},"is_cause":false,"frames":[{"filename":"/home/airflow/.local/lib/python3.12/site-packages/airflow/models/dagbag.py","lineno":394,"name":"parse"},{"filename":"<frozen importlib._bootstrap_external>","lineno":995,"name":"exec_module"},{"filename":"<frozen importlib._bootstrap_external>","lineno":1133,"name":"get_code"},{"filename":"<frozen importlib._bootstrap_external>","lineno":1063,"name":"source_to_code"},{"filename":"<frozen importlib._bootstrap>","lineno":488,"name":"_call_with_frames_removed"}],"is_group":false,"exceptions":[]}]}
{"timestamp":"2026-07-08T17:05:40.511540","level":"info","event":"Filling up the DagBag from /opt/airflow/dags/first_dag.py","logger":"airflow.models.dagbag.DagBag"}
{"timestamp":"2026-07-08T17:05:40.522097","level":"error","event":"Failed to import: /opt/airflow/dags/first_dag.py","logger":"airflow.models.dagbag.DagBag","error_detail":[{"exc_type":"SyntaxError","exc_value":"expected '(' (first_dag.py, line 6)","exc_notes":[],"syntax_error":{"offset":13,"filename":"/opt/airflow/dags/first_dag.py","line":"def dizer_Ol\n","lineno":6,"msg":"expected '('"},"is_cause":false,"frames":[{"filename":"/home/airflow/.local/lib/python3.12/site-packages/airflow/models/dagbag.py","lineno":394,"name":"parse"},{"filename":"<frozen importlib._bootstrap_external>","lineno":995,"name":"exec_module"},{"filename":"<frozen importlib._bootstrap_external>","lineno":1133,"name":"get_code"},{"filename":"<frozen importlib._bootstrap_external>","lineno":1063,"name":"source_to_code"},{"filename":"<frozen importlib._bootstrap>","lineno":488,"name":"_call_with_frames_removed"}],"is_group":false,"exceptions":[]}]}
{"timestamp":"2026-07-08T17:05:44.618950","level":"info","event":"Filling up the DagBag from /opt/airflow/dags/first_dag.py","logger":"airflow.models.dagbag.DagBag"}
{"timestamp":"2026-07-08T17:05:44.631137","level":"error","event":"Failed to import: /opt/airflow/dags/first_dag.py","logger":"airflow.models.dagbag.DagBag","error_detail":[{"exc_type":"SyntaxError","exc_value":"expected ':' (first_dag.py, line 6)","exc_notes":[],"syntax_error":{"offset":16,"filename":"/opt/airflow/dags/first_dag.py","line":"def dizer_ola()\n","lineno":6,"msg":"expected ':'"},"is_cause":false,"frames":[{"filename":"/home/airflow/.local/lib/python3.12/site-packages/airflow/models/dagbag.py","lineno":394,"name":"parse"},{"filename":"<frozen importlib._bootstrap_external>","lineno":995,"name":"exec_module"},{"filename":"<frozen importlib._bootstrap_external>","lineno":1133,"name":"get_code"},{"filename":"<frozen importlib._bootstrap_external>","lineno":1063,"name":"source_to_code"},{"filename":"<frozen importlib._bootstrap>","lineno":488,"name":"_call_with_frames_removed"}],"is_group":false,"exceptions":[]}]}
{"timestamp":"2026-07-08T17:05:46.713514","level":"info","event":"Filling up the DagBag from /opt/airflow/dags/first_dag.py","logger":"airflow.models.dagbag.DagBag"}
{"timestamp":"2026-07-08T17:05:46.723066","level":"error","event":"Failed to import: /opt/airflow/dags/first_dag.py","logger":"airflow.models.dagbag.DagBag","error_detail":[{"exc_type":"IndentationError","exc_value":"expected an indented block after function definition on line 6 (first_dag.py, line 8)","exc_notes":[],"syntax_error":{"offset":1,"filename":"/opt/airflow/dags/first_dag.py","line":"with DAG(\n","lineno":8,"msg":"expected an indented block after function definition on line 6"},"is_cause":false,"frames":[{"filename":"/home/airflow/.local/lib/python3.12/site-packages/airflow/models/dagbag.py","lineno":394,"name":"parse"},{"filename":"<frozen importlib._bootstrap_external>","lineno":995,"name":"exec_module"},{"filename":"<frozen importlib._bootstrap_external>","lineno":1133,"name":"get_code"},{"filename":"<frozen importlib._bootstrap_external>","lineno":1063,"name":"source_to_code"},{"filename":"<frozen importlib._bootstrap>","lineno":488,"name":"_call_with_frames_removed"}],"is_group":false,"exceptions":[]}]}
{"timestamp":"2026-07-08T17:05:49.801481","level":"info","event":"Filling up the DagBag from /opt/airflow/dags/first_dag.py","logger":"airflow.models.dagbag.DagBag"}
{"timestamp":"2026-07-08T17:06:01.075853","level":"info","event":"Filling up the DagBag from /opt/airflow/dags/first_dag.py","logger":"airflow.models.dagbag.DagBag"}
{"timestamp":"2026-07-08T17:06:02.879570","level":"info","event":"Filling up the DagBag from /opt/airflow/dags/first_dag.py","logger":"airflow.models.dagbag.DagBag"}
{"timestamp":"2026-07-08T17:06:07.283083","level":"info","event":"Filling up the DagBag from /opt/airflow/dags/first_dag.py","logger":"airflow.models.dagbag.DagBag"}
{"timestamp":"2026-07-08T17:06:11.402043","level":"info","event":"Filling up the DagBag from /opt/airflow/dags/first_dag.py","logger":"airflow.models.dagbag.DagBag"}
{"timestamp":"2026-07-08T17:06:41.893811","level":"info","event":"Filling up the DagBag from /opt/airflow/dags/first_dag.py","logger":"airflow.models.dagbag.DagBag"}
{"timestamp":"2026-07-08T17:07:12.328227","level":"info","event":"Filling up the DagBag from /opt/airflow/dags/first_dag.py","logger":"airflow.models.dagbag.DagBag"}
{"timestamp":"2026-07-08T17:07:42.773136","level":"info","event":"Filling up the DagBag from /opt/airflow/dags/first_dag.py","logger":"airflow.models.dagbag.DagBag"}
{"timestamp":"2026-07-08T17:08:13.223751","level":"info","event":"Filling up the DagBag from /opt/airflow/dags/first_dag.py","logger":"airflow.models.dagbag.DagBag"}
{"timestamp":"2026-07-08T17:08:43.708178","level":"info","event":"Filling up the DagBag from /opt/airflow/dags/first_dag.py","logger":"airflow.models.dagbag.DagBag"}
{"timestamp":"2026-07-08T17:08:59.890035","level":"info","event":"Filling up the DagBag from /opt/airflow/dags/first_dag.py","logger":"airflow.models.dagbag.DagBag"}
{"timestamp":"2026-07-08T17:09:02.512207","level":"info","event":"Filling up the DagBag from /opt/airflow/dags/first_dag.py","logger":"airflow.models.dagbag.DagBag"}
{"timestamp":"2026-07-08T17:09:02.522250","level":"error","event":"Failed to import: /opt/airflow/dags/first_dag.py","logger":"airflow.models.dagbag.DagBag","error_detail":[{"exc_type":"SyntaxError","exc_value":"invalid syntax (first_dag.py, line 5)","exc_notes":[],"syntax_error":{"offset":6,"filename":"/opt/airflow/dags/first_dag.py","line":"from \n","lineno":5,"msg":"invalid syntax"},"is_cause":false,"frames":[{"filename":"/home/airflow/.local/lib/python3.12/site-packages/airflow/models/dagbag.py","lineno":394,"name":"parse"},{"filename":"<frozen importlib._bootstrap_external>","lineno":995,"name":"exec_module"},{"filename":"<frozen importlib._bootstrap_external>","lineno":1133,"name":"get_code"},{"filename":"<frozen importlib._bootstrap_external>","lineno":1063,"name":"source_to_code"},{"filename":"<frozen importlib._bootstrap>","lineno":488,"name":"_call_with_frames_removed"}],"is_group":false,"exceptions":[]}]}
{"timestamp":"2026-07-08T17:09:05.100956","level":"info","event":"Filling up the DagBag from /opt/airflow/dags/first_dag.py","logger":"airflow.models.dagbag.DagBag"}
{"timestamp":"2026-07-08T17:09:05.111044","level":"error","event":"Failed to import: /opt/airflow/dags/first_dag.py","logger":"airflow.models.dagbag.DagBag","error_detail":[{"exc_type":"SyntaxError","exc_value":"invalid syntax (first_dag.py, line 5)","exc_notes":[],"syntax_error":{"offset":14,"filename":"/opt/airflow/dags/first_dag.py","line":"from airflow.\n","lineno":5,"msg":"invalid syntax"},"is_cause":false,"frames":[{"filename":"/home/airflow/.local/lib/python3.12/site-packages/airflow/models/dagbag.py","lineno":394,"name":"parse"},{"filename":"<frozen importlib._bootstrap_external>","lineno":995,"name":"exec_module"},{"filename":"<frozen importlib._bootstrap_external>","lineno":1133,"name":"get_code"},{"filename":"<frozen importlib._bootstrap_external>","lineno":1063,"name":"source_to_code"},{"filename":"<frozen importlib._bootstrap>","lineno":488,"name":"_call_with_frames_removed"}],"is_group":false,"exceptions":[]}]}
{"timestamp":"2026-07-08T17:09:08.368696","level":"info","event":"Filling up the DagBag from /opt/airflow/dags/first_dag.py","logger":"airflow.models.dagbag.DagBag"}
{"timestamp":"2026-07-08T17:09:08.382812","level":"error","event":"Failed to import: /opt/airflow/dags/first_dag.py","logger":"airflow.models.dagbag.DagBag","error_detail":[{"exc_type":"SyntaxError","exc_value":"invalid syntax (first_dag.py, line 5)","exc_notes":[],"syntax_error":{"offset":24,"filename":"/opt/airflow/dags/first_dag.py","line":"from airflow.operators.\n","lineno":5,"msg":"invalid syntax"},"is_cause":false,"frames":[{"filename":"/home/airflow/.local/lib/python3.12/site-packages/airflow/models/dagbag.py","lineno":394,"name":"parse"},{"filename":"<frozen importlib._bootstrap_external>","lineno":995,"name":"exec_module"},{"filename":"<frozen importlib._bootstrap_external>","lineno":1133,"name":"get_code"},{"filename":"<frozen importlib._bootstrap_external>","lineno":1063,"name":"source_to_code"},{"filename":"<frozen importlib._bootstrap>","lineno":488,"name":"_call_with_frames_removed"}],"is_group":false,"exceptions":[]}]}
{"timestamp":"2026-07-08T17:09:12.467712","level":"info","event":"Filling up the DagBag from /opt/airflow/dags/first_dag.py","logger":"airflow.models.dagbag.DagBag"}
{"timestamp":"2026-07-08T17:09:12.477354","level":"error","event":"Failed to import: /opt/airflow/dags/first_dag.py","logger":"airflow.models.dagbag.DagBag","error_detail":[{"exc_type":"SyntaxError","exc_value":"invalid syntax (first_dag.py, line 5)","exc_notes":[],"syntax_error":{"offset":38,"filename":"/opt/airflow/dags/first_dag.py","line":"from airflow.operators.python import \n","lineno":5,"msg":"invalid syntax"},"is_cause":false,"frames":[{"filename":"/home/airflow/.local/lib/python3.12/site-packages/airflow/models/dagbag.py","lineno":394,"name":"parse"},{"filename":"<frozen importlib._bootstrap_external>","lineno":995,"name":"exec_module"},{"filename":"<frozen importlib._bootstrap_external>","lineno":1133,"name":"get_code"},{"filename":"<frozen importlib._bootstrap_external>","lineno":1063,"name":"source_to_code"},{"filename":"<frozen importlib._bootstrap>","lineno":488,"name":"_call_with_frames_removed"}],"is_group":false,"exceptions":[]}]}
{"timestamp":"2026-07-08T17:09:16.556453","level":"info","event":"Filling up the DagBag from /opt/airflow/dags/first_dag.py","logger":"airflow.models.dagbag.DagBag"}
{"timestamp":"2026-07-08T17:09:32.741811","level":"info","event":"Filling up the DagBag from /opt/airflow/dags/first_dag.py","logger":"airflow.models.dagbag.DagBag"}
{"timestamp":"2026-07-08T17:09:32.752588","level":"error","event":"Failed to import: /opt/airflow/dags/first_dag.py","logger":"airflow.models.dagbag.DagBag","error_detail":[{"exc_type":"SyntaxError","exc_value":"invalid syntax. Perhaps you forgot a comma? (first_dag.py, line 22)","exc_notes":[],"syntax_error":{"offset":17,"filename":"/opt/airflow/dags/first_dag.py","line":"        task_id=\"preparar\"\n","lineno":22,"msg":"invalid syntax. Perhaps you forgot a comma?"},"is_cause":false,"frames":[{"filename":"/home/airflow/.local/lib/python3.12/site-packages/airflow/models/dagbag.py","lineno":394,"name":"parse"},{"filename":"<frozen importlib._bootstrap_external>","lineno":995,"name":"exec_module"},{"filename":"<frozen importlib._bootstrap_external>","lineno":1133,"name":"get_code"},{"filename":"<frozen importlib._bootstrap_external>","lineno":1063,"name":"source_to_code"},{"filename":"<frozen importlib._bootstrap>","lineno":488,"name":"_call_with_frames_removed"}],"is_group":false,"exceptions":[]}]}
{"timestamp":"2026-07-08T17:09:39.023212","level":"info","event":"Filling up the DagBag from /opt/airflow/dags/first_dag.py","logger":"airflow.models.dagbag.DagBag"}
{"timestamp":"2026-07-08T17:09:39.035608","level":"error","event":"Failed to import: /opt/airflow/dags/first_dag.py","logger":"airflow.models.dagbag.DagBag","error_detail":[{"exc_type":"SyntaxError","exc_value":"invalid syntax. Perhaps you forgot a comma? (first_dag.py, line 22)","exc_notes":[],"syntax_error":{"offset":17,"filename":"/opt/airflow/dags/first_dag.py","line":"        task_id=\"preparar\"\n","lineno":22,"msg":"invalid syntax. Perhaps you forgot a comma?"},"is_cause":false,"frames":[{"filename":"/home/airflow/.local/lib/python3.12/site-packages/airflow/models/dagbag.py","lineno":394,"name":"parse"},{"filename":"<frozen importlib._bootstrap_external>","lineno":995,"name":"exec_module"},{"filename":"<frozen importlib._bootstrap_external>","lineno":1133,"name":"get_code"},{"filename":"<frozen importlib._bootstrap_external>","lineno":1063,"name":"source_to_code"},{"filename":"<frozen importlib._bootstrap>","lineno":488,"name":"_call_with_frames_removed"}],"is_group":false,"exceptions":[]}]}
{"timestamp":"2026-07-08T17:09:42.144308","level":"info","event":"Filling up the DagBag from /opt/airflow/dags/first_dag.py","logger":"airflow.models.dagbag.DagBag"}
{"timestamp":"2026-07-08T17:09:42.154492","level":"error","event":"Failed to import: /opt/airflow/dags/first_dag.py","logger":"airflow.models.dagbag.DagBag","error_detail":[{"exc_type":"SyntaxError","exc_value":"invalid syntax. Perhaps you forgot a comma? (first_dag.py, line 22)","exc_notes":[],"syntax_error":{"offset":17,"filename":"/opt/airflow/dags/first_dag.py","line":"        task_id=\"preparar\"\n","lineno":22,"msg":"invalid syntax. Perhaps you forgot a comma?"},"is_cause":false,"frames":[{"filename":"/home/airflow/.local/lib/python3.12/site-packages/airflow/models/dagbag.py","lineno":394,"name":"parse"},{"filename":"<frozen importlib._bootstrap_external>","lineno":995,"name":"exec_module"},{"filename":"<frozen importlib._bootstrap_external>","lineno":1133,"name":"get_code"},{"filename":"<frozen importlib._bootstrap_external>","lineno":1063,"name":"source_to_code"},{"filename":"<frozen importlib._bootstrap>","lineno":488,"name":"_call_with_frames_removed"}],"is_group":false,"exceptions":[]}]}
{"timestamp":"2026-07-08T17:09:46.239826","level":"info","event":"Filling up the DagBag from /opt/airflow/dags/first_dag.py","logger":"airflow.models.dagbag.DagBag"}
{"timestamp":"2026-07-08T17:09:46.249775","level":"error","event":"Failed to import: /opt/airflow/dags/first_dag.py","logger":"airflow.models.dagbag.DagBag","error_detail":[{"exc_type":"SyntaxError","exc_value":"invalid syntax. Perhaps you forgot a comma? (first_dag.py, line 22)","exc_notes":[],"syntax_error":{"offset":17,"filename":"/opt/airflow/dags/first_dag.py","line":"        task_id=\"preparar\"\n","lineno":22,"msg":"invalid syntax. Perhaps you forgot a comma?"},"is_cause":false,"frames":[{"filename":"/home/airflow/.local/lib/python3.12/site-packages/airflow/models/dagbag.py","lineno":394,"name":"parse"},{"filename":"<frozen importlib._bootstrap_external>","lineno":995,"name":"exec_module"},{"filename":"<frozen importlib._bootstrap_external>","lineno":1133,"name":"get_code"},{"filename":"<frozen importlib._bootstrap_external>","lineno":1063,"name":"source_to_code"},{"filename":"<frozen importlib._bootstrap>","lineno":488,"name":"_call_with_frames_removed"}],"is_group":false,"exceptions":[]}]}
{"timestamp":"2026-07-08T17:10:16.660027","level":"info","event":"Filling up the DagBag from /opt/airflow/dags/first_dag.py","logger":"airflow.models.dagbag.DagBag"}
{"timestamp":"2026-07-08T17:10:16.672168","level":"error","event":"Failed to import: /opt/airflow/dags/first_dag.py","logger":"airflow.models.dagbag.DagBag","error_detail":[{"exc_type":"SyntaxError","exc_value":"invalid syntax. Perhaps you forgot a comma? (first_dag.py, line 22)","exc_notes":[],"syntax_error":{"offset":17,"filename":"/opt/airflow/dags/first_dag.py","line":"        task_id=\"preparar\"\n","lineno":22,"msg":"invalid syntax. Perhaps you forgot a comma?"},"is_cause":false,"frames":[{"filename":"/home/airflow/.local/lib/python3.12/site-packages/airflow/models/dagbag.py","lineno":394,"name":"parse"},{"filename":"<frozen importlib._bootstrap_external>","lineno":995,"name":"exec_module"},{"filename":"<frozen importlib._bootstrap_external>","lineno":1133,"name":"get_code"},{"filename":"<frozen importlib._bootstrap_external>","lineno":1063,"name":"source_to_code"},{"filename":"<frozen importlib._bootstrap>","lineno":488,"name":"_call_with_frames_removed"}],"is_group":false,"exceptions":[]}]}
{"timestamp":"2026-07-08T17:10:47.011810","level":"info","event":"Filling up the DagBag from /opt/airflow/dags/first_dag.py","logger":"airflow.models.dagbag.DagBag"}
{"timestamp":"2026-07-08T17:10:47.022311","level":"error","event":"Failed to import: /opt/airflow/dags/first_dag.py","logger":"airflow.models.dagbag.DagBag","error_detail":[{"exc_type":"SyntaxError","exc_value":"invalid syntax. Perhaps you forgot a comma? (first_dag.py, line 22)","exc_notes":[],"syntax_error":{"offset":17,"filename":"/opt/airflow/dags/first_dag.py","line":"        task_id=\"preparar\"\n","lineno":22,"msg":"invalid syntax. Perhaps you forgot a comma?"},"is_cause":false,"frames":[{"filename":"/home/airflow/.local/lib/python3.12/site-packages/airflow/models/dagbag.py","lineno":394,"name":"parse"},{"filename":"<frozen importlib._bootstrap_external>","lineno":995,"name":"exec_module"},{"filename":"<frozen importlib._bootstrap_external>","lineno":1133,"name":"get_code"},{"filename":"<frozen importlib._bootstrap_external>","lineno":1063,"name":"source_to_code"},{"filename":"<frozen importlib._bootstrap>","lineno":488,"name":"_call_with_frames_removed"}],"is_group":false,"exceptions":[]}]}
{"timestamp":"2026-07-08T17:11:17.374901","level":"info","event":"Filling up the DagBag from /opt/airflow/dags/first_dag.py","logger":"airflow.models.dagbag.DagBag"}
{"timestamp":"2026-07-08T17:11:17.385215","level":"error","event":"Failed to import: /opt/airflow/dags/first_dag.py","logger":"airflow.models.dagbag.DagBag","error_detail":[{"exc_type":"SyntaxError","exc_value":"invalid syntax. Perhaps you forgot a comma? (first_dag.py, line 22)","exc_notes":[],"syntax_error":{"offset":17,"filename":"/opt/airflow/dags/first_dag.py","line":"        task_id=\"preparar\"\n","lineno":22,"msg":"invalid syntax. Perhaps you forgot a comma?"},"is_cause":false,"frames":[{"filename":"/home/airflow/.local/lib/python3.12/site-packages/airflow/models/dagbag.py","lineno":394,"name":"parse"},{"filename":"<frozen importlib._bootstrap_external>","lineno":995,"name":"exec_module"},{"filename":"<frozen importlib._bootstrap_external>","lineno":1133,"name":"get_code"},{"filename":"<frozen importlib._bootstrap_external>","lineno":1063,"name":"source_to_code"},{"filename":"<frozen importlib._bootstrap>","lineno":488,"name":"_call_with_frames_removed"}],"is_group":false,"exceptions":[]}]}
{"timestamp":"2026-07-08T17:11:47.852759","level":"info","event":"Filling up the DagBag from /opt/airflow/dags/first_dag.py","logger":"airflow.models.dagbag.DagBag"}
{"timestamp":"2026-07-08T17:11:47.863479","level":"error","event":"Failed to import: /opt/airflow/dags/first_dag.py","logger":"airflow.models.dagbag.DagBag","error_detail":[{"exc_type":"SyntaxError","exc_value":"invalid syntax. Perhaps you forgot a comma? (first_dag.py, line 22)","exc_notes":[],"syntax_error":{"offset":17,"filename":"/opt/airflow/dags/first_dag.py","line":"        task_id=\"preparar\"\n","lineno":22,"msg":"invalid syntax. Perhaps you forgot a comma?"},"is_cause":false,"frames":[{"filename":"/home/airflow/.local/lib/python3.12/site-packages/airflow/models/dagbag.py","lineno":394,"name":"parse"},{"filename":"<frozen importlib._bootstrap_external>","lineno":995,"name":"exec_module"},{"filename":"<frozen importlib._bootstrap_external>","lineno":1133,"name":"get_code"},{"filename":"<frozen importlib._bootstrap_external>","lineno":1063,"name":"source_to_code"},{"filename":"<frozen importlib._bootstrap>","lineno":488,"name":"_call_with_frames_removed"}],"is_group":false,"exceptions":[]}]}
{"timestamp":"2026-07-08T17:12:18.266758","level":"info","event":"Filling up the DagBag from /opt/airflow/dags/first_dag.py","logger":"airflow.models.dagbag.DagBag"}
{"timestamp":"2026-07-08T17:12:18.277900","level":"error","event":"Failed to import: /opt/airflow/dags/first_dag.py","logger":"airflow.models.dagbag.DagBag","error_detail":[{"exc_type":"SyntaxError","exc_value":"invalid syntax. Perhaps you forgot a comma? (first_dag.py, line 22)","exc_notes":[],"syntax_error":{"offset":17,"filename":"/opt/airflow/dags/first_dag.py","line":"        task_id=\"preparar\"\n","lineno":22,"msg":"invalid syntax. Perhaps you forgot a comma?"},"is_cause":false,"frames":[{"filename":"/home/airflow/.local/lib/python3.12/site-packages/airflow/models/dagbag.py","lineno":394,"name":"parse"},{"filename":"<frozen importlib._bootstrap_external>","lineno":995,"name":"exec_module"},{"filename":"<frozen importlib._bootstrap_external>","lineno":1133,"name":"get_code"},{"filename":"<frozen importlib._bootstrap_external>","lineno":1063,"name":"source_to_code"},{"filename":"<frozen importlib._bootstrap>","lineno":488,"name":"_call_with_frames_removed"}],"is_group":false,"exceptions":[]}]}
{"timestamp":"2026-07-08T17:12:48.638222","level":"info","event":"Filling up the DagBag from /opt/airflow/dags/first_dag.py","logger":"airflow.models.dagbag.DagBag"}
{"timestamp":"2026-07-08T17:12:48.648815","level":"error","event":"Failed to import: /opt/airflow/dags/first_dag.py","logger":"airflow.models.dagbag.DagBag","error_detail":[{"exc_type":"SyntaxError","exc_value":"invalid syntax. Perhaps you forgot a comma? (first_dag.py, line 22)","exc_notes":[],"syntax_error":{"offset":17,"filename":"/opt/airflow/dags/first_dag.py","line":"        task_id=\"preparar\"\n","lineno":22,"msg":"invalid syntax. Perhaps you forgot a comma?"},"is_cause":false,"frames":[{"filename":"/home/airflow/.local/lib/python3.12/site-packages/airflow/models/dagbag.py","lineno":394,"name":"parse"},{"filename":"<frozen importlib._bootstrap_external>","lineno":995,"name":"exec_module"},{"filename":"<frozen importlib._bootstrap_external>","lineno":1133,"name":"get_code"},{"filename":"<frozen importlib._bootstrap_external>","lineno":1063,"name":"source_to_code"},{"filename":"<frozen importlib._bootstrap>","lineno":488,"name":"_call_with_frames_removed"}],"is_group":false,"exceptions":[]}]}
{"timestamp":"2026-07-08T17:13:19.052453","level":"info","event":"Filling up the DagBag from /opt/airflow/dags/first_dag.py","logger":"airflow.models.dagbag.DagBag"}
{"timestamp":"2026-07-08T17:13:19.063078","level":"error","event":"Failed to import: /opt/airflow/dags/first_dag.py","logger":"airflow.models.dagbag.DagBag","error_detail":[{"exc_type":"SyntaxError","exc_value":"invalid syntax. Perhaps you forgot a comma? (first_dag.py, line 22)","exc_notes":[],"syntax_error":{"offset":17,"filename":"/opt/airflow/dags/first_dag.py","line":"        task_id=\"preparar\"\n","lineno":22,"msg":"invalid syntax. Perhaps you forgot a comma?"},"is_cause":false,"frames":[{"filename":"/home/airflow/.local/lib/python3.12/site-packages/airflow/models/dagbag.py","lineno":394,"name":"parse"},{"filename":"<frozen importlib._bootstrap_external>","lineno":995,"name":"exec_module"},{"filename":"<frozen importlib._bootstrap_external>","lineno":1133,"name":"get_code"},{"filename":"<frozen importlib._bootstrap_external>","lineno":1063,"name":"source_to_code"},{"filename":"<frozen importlib._bootstrap>","lineno":488,"name":"_call_with_frames_removed"}],"is_group":false,"exceptions":[]}]}
{"timestamp":"2026-07-08T17:13:49.535690","level":"info","event":"Filling up the DagBag from /opt/airflow/dags/first_dag.py","logger":"airflow.models.dagbag.DagBag"}
{"timestamp":"2026-07-08T17:13:49.546679","level":"error","event":"Failed to import: /opt/airflow/dags/first_dag.py","logger":"airflow.models.dagbag.DagBag","error_detail":[{"exc_type":"SyntaxError","exc_value":"invalid syntax. Perhaps you forgot a comma? (first_dag.py, line 22)","exc_notes":[],"syntax_error":{"offset":17,"filename":"/opt/airflow/dags/first_dag.py","line":"        task_id=\"preparar\"\n","lineno":22,"msg":"invalid syntax. Perhaps you forgot a comma?"},"is_cause":false,"frames":[{"filename":"/home/airflow/.local/lib/python3.12/site-packages/airflow/models/dagbag.py","lineno":394,"name":"parse"},{"filename":"<frozen importlib._bootstrap_external>","lineno":995,"name":"exec_module"},{"filename":"<frozen importlib._bootstrap_external>","lineno":1133,"name":"get_code"},{"filename":"<frozen importlib._bootstrap_external>","lineno":1063,"name":"source_to_code"},{"filename":"<frozen importlib._bootstrap>","lineno":488,"name":"_call_with_frames_removed"}],"is_group":false,"exceptions":[]}]}
{"timestamp":"2026-07-08T17:14:19.851232","level":"info","event":"Filling up the DagBag from /opt/airflow/dags/first_dag.py","logger":"airflow.models.dagbag.DagBag"}
{"timestamp":"2026-07-08T17:14:19.861940","level":"error","event":"Failed to import: /opt/airflow/dags/first_dag.py","logger":"airflow.models.dagbag.DagBag","error_detail":[{"exc_type":"SyntaxError","exc_value":"invalid syntax. Perhaps you forgot a comma? (first_dag.py, line 22)","exc_notes":[],"syntax_error":{"offset":17,"filename":"/opt/airflow/dags/first_dag.py","line":"        task_id=\"preparar\"\n","lineno":22,"msg":"invalid syntax. Perhaps you forgot a comma?"},"is_cause":false,"frames":[{"filename":"/home/airflow/.local/lib/python3.12/site-packages/airflow/models/dagbag.py","lineno":394,"name":"parse"},{"filename":"<frozen importlib._bootstrap_external>","lineno":995,"name":"exec_module"},{"filename":"<frozen importlib._bootstrap_external>","lineno":1133,"name":"get_code"},{"filename":"<frozen importlib._bootstrap_external>","lineno":1063,"name":"source_to_code"},{"filename":"<frozen importlib._bootstrap>","lineno":488,"name":"_call_with_frames_removed"}],"is_group":false,"exceptions":[]}]}
{"timestamp":"2026-07-08T17:14:50.258511","level":"info","event":"Filling up the DagBag from /opt/airflow/dags/first_dag.py","logger":"airflow.models.dagbag.DagBag"}
{"timestamp":"2026-07-08T17:14:50.269192","level":"error","event":"Failed to import: /opt/airflow/dags/first_dag.py","logger":"airflow.models.dagbag.DagBag","error_detail":[{"exc_type":"SyntaxError","exc_value":"invalid syntax. Perhaps you forgot a comma? (first_dag.py, line 22)","exc_notes":[],"syntax_error":{"offset":17,"filename":"/opt/airflow/dags/first_dag.py","line":"        task_id=\"preparar\"\n","lineno":22,"msg":"invalid syntax. Perhaps you forgot a comma?"},"is_cause":false,"frames":[{"filename":"/home/airflow/.local/lib/python3.12/site-packages/airflow/models/dagbag.py","lineno":394,"name":"parse"},{"filename":"<frozen importlib._bootstrap_external>","lineno":995,"name":"exec_module"},{"filename":"<frozen importlib._bootstrap_external>","lineno":1133,"name":"get_code"},{"filename":"<frozen importlib._bootstrap_external>","lineno":1063,"name":"source_to_code"},{"filename":"<frozen importlib._bootstrap>","lineno":488,"name":"_call_with_frames_removed"}],"is_group":false,"exceptions":[]}]}
{"timestamp":"2026-07-08T17:15:20.368788","level":"info","event":"Filling up the DagBag from /opt/airflow/dags/first_dag.py","logger":"airflow.models.dagbag.DagBag"}
{"timestamp":"2026-07-08T17:15:20.379596","level":"error","event":"Failed to import: /opt/airflow/dags/first_dag.py","logger":"airflow.models.dagbag.DagBag","error_detail":[{"exc_type":"SyntaxError","exc_value":"invalid syntax. Perhaps you forgot a comma? (first_dag.py, line 22)","exc_notes":[],"syntax_error":{"offset":17,"filename":"/opt/airflow/dags/first_dag.py","line":"        task_id=\"preparar\"\n","lineno":22,"msg":"invalid syntax. Perhaps you forgot a comma?"},"is_cause":false,"frames":[{"filename":"/home/airflow/.local/lib/python3.12/site-packages/airflow/models/dagbag.py","lineno":394,"name":"parse"},{"filename":"<frozen importlib._bootstrap_external>","lineno":995,"name":"exec_module"},{"filename":"<frozen importlib._bootstrap_external>","lineno":1133,"name":"get_code"},{"filename":"<frozen importlib._bootstrap_external>","lineno":1063,"name":"source_to_code"},{"filename":"<frozen importlib._bootstrap>","lineno":488,"name":"_call_with_frames_removed"}],"is_group":false,"exceptions":[]}]}
{"timestamp":"2026-07-08T17:15:25.472346","level":"info","event":"Filling up the DagBag from /opt/airflow/dags/first_dag.py","logger":"airflow.models.dagbag.DagBag"}
{"timestamp":"2026-07-08T17:15:25.482680","level":"error","event":"Failed to import: /opt/airflow/dags/first_dag.py","logger":"airflow.models.dagbag.DagBag","error_detail":[{"exc_type":"SyntaxError","exc_value":"invalid syntax. Perhaps you forgot a comma? (first_dag.py, line 22)","exc_notes":[],"syntax_error":{"offset":17,"filename":"/opt/airflow/dags/first_dag.py","line":"        task_id=\"preparar\"\n","lineno":22,"msg":"invalid syntax. Perhaps you forgot a comma?"},"is_cause":false,"frames":[{"filename":"/home/airflow/.local/lib/python3.12/site-packages/airflow/models/dagbag.py","lineno":394,"name":"parse"},{"filename":"<frozen importlib._bootstrap_external>","lineno":995,"name":"exec_module"},{"filename":"<frozen importlib._bootstrap_external>","lineno":1133,"name":"get_code"},{"filename":"<frozen importlib._bootstrap_external>","lineno":1063,"name":"source_to_code"},{"filename":"<frozen importlib._bootstrap>","lineno":488,"name":"_call_with_frames_removed"}],"is_group":false,"exceptions":[]}]}
{"timestamp":"2026-07-08T17:15:34.598018","level":"info","event":"Filling up the DagBag from /opt/airflow/dags/first_dag.py","logger":"airflow.models.dagbag.DagBag"}
{"timestamp":"2026-07-08T17:15:34.616721","level":"error","event":"Failed to import: /opt/airflow/dags/first_dag.py","logger":"airflow.models.dagbag.DagBag","error_detail":[{"exc_type":"TypeError","exc_value":"Invalid arguments were passed to EmptyOperator (task_id: preparar). Invalid arguments were:\n**kwargs: {'python_callable': <function dizer_ola at 0x76549bbc3240>}","exc_notes":[],"syntax_error":null,"is_cause":false,"frames":[{"filename":"/home/airflow/.local/lib/python3.12/site-packages/airflow/models/dagbag.py","lineno":394,"name":"parse"},{"filename":"<frozen importlib._bootstrap_external>","lineno":999,"name":"exec_module"},{"filename":"<frozen importlib._bootstrap>","lineno":488,"name":"_call_with_frames_removed"},{"filename":"/opt/airflow/dags/first_dag.py","lineno":21,"name":"<module>"},{"filename":"/home/airflow/.local/lib/python3.12/site-packages/airflow/sdk/bases/operator.py","lineno":502,"name":"apply_defaults"},{"filename":"/home/airflow/.local/lib/python3.12/site-packages/airflow/models/baseoperator.py","lineno":293,"name":"__init__"},{"filename":"/home/airflow/.local/lib/python3.12/site-packages/airflow/sdk/bases/operator.py","lineno":502,"name":"apply_defaults"},{"filename":"/home/airflow/.local/lib/python3.12/site-packages/airflow/sdk/bases/operator.py","lineno":1026,"name":"__init__"}],"is_group":false,"exceptions":[]}]}
{"timestamp":"2026-07-08T17:15:45.698579","level":"info","event":"Filling up the DagBag from /opt/airflow/dags/first_dag.py","logger":"airflow.models.dagbag.DagBag"}
{"timestamp":"2026-07-08T17:15:45.714211","level":"error","event":"Failed to import: /opt/airflow/dags/first_dag.py","logger":"airflow.models.dagbag.DagBag","error_detail":[{"exc_type":"TypeError","exc_value":"Invalid arguments were passed to EmptyOperator (task_id: preparar). Invalid arguments were:\n**kwargs: {'python_callable': <function dizer_ola at 0x76549ba745e0>}","exc_notes":[],"syntax_error":null,"is_cause":false,"frames":[{"filename":"/home/airflow/.local/lib/python3.12/site-packages/airflow/models/dagbag.py","lineno":394,"name":"parse"},{"filename":"<frozen importlib._bootstrap_external>","lineno":999,"name":"exec_module"},{"filename":"<frozen importlib._bootstrap>","lineno":488,"name":"_call_with_frames_removed"},{"filename":"/opt/airflow/dags/first_dag.py","lineno":21,"name":"<module>"},{"filename":"/home/airflow/.local/lib/python3.12/site-packages/airflow/sdk/bases/operator.py","lineno":502,"name":"apply_defaults"},{"filename":"/home/airflow/.local/lib/python3.12/site-packages/airflow/models/baseoperator.py","lineno":293,"name":"__init__"},{"filename":"/home/airflow/.local/lib/python3.12/site-packages/airflow/sdk/bases/operator.py","lineno":502,"name":"apply_defaults"},{"filename":"/home/airflow/.local/lib/python3.12/site-packages/airflow/sdk/bases/operator.py","lineno":1026,"name":"__init__"}],"is_group":false,"exceptions":[]}]}
{"timestamp":"2026-07-08T17:15:46.025568","level":"info","event":"Filling up the DagBag from /opt/airflow/dags/first_dag.py","logger":"airflow.models.dagbag.DagBag"}
{"timestamp":"2026-07-08T17:15:46.034410","level":"error","event":"Failed to import: /opt/airflow/dags/first_dag.py","logger":"airflow.models.dagbag.DagBag","error_detail":[{"exc_type":"TypeError","exc_value":"Invalid arguments were passed to EmptyOperator (task_id: preparar). Invalid arguments were:\n**kwargs: {'python_callable': <function dizer_ola at 0x76549bbc07c0>}","exc_notes":[],"syntax_error":null,"is_cause":false,"frames":[{"filename":"/home/airflow/.local/lib/python3.12/site-packages/airflow/models/dagbag.py","lineno":394,"name":"parse"},{"filename":"<frozen importlib._bootstrap_external>","lineno":999,"name":"exec_module"},{"filename":"<frozen importlib._bootstrap>","lineno":488,"name":"_call_with_frames_removed"},{"filename":"/opt/airflow/dags/first_dag.py","lineno":21,"name":"<module>"},{"filename":"/home/airflow/.local/lib/python3.12/site-packages/airflow/sdk/bases/operator.py","lineno":502,"name":"apply_defaults"},{"filename":"/home/airflow/.local/lib/python3.12/site-packages/airflow/models/baseoperator.py","lineno":293,"name":"__init__"},{"filename":"/home/airflow/.local/lib/python3.12/site-packages/airflow/sdk/bases/operator.py","lineno":502,"name":"apply_defaults"},{"filename":"/home/airflow/.local/lib/python3.12/site-packages/airflow/sdk/bases/operator.py","lineno":1026,"name":"__init__"}],"is_group":false,"exceptions":[]}]}
{"timestamp":"2026-07-08T17:15:47.131815","level":"info","event":"Filling up the DagBag from /opt/airflow/dags/first_dag.py","logger":"airflow.models.dagbag.DagBag"}
{"timestamp":"2026-07-08T17:15:47.149135","level":"error","event":"Failed to import: /opt/airflow/dags/first_dag.py","logger":"airflow.models.dagbag.DagBag","error_detail":[{"exc_type":"TypeError","exc_value":"Invalid arguments were passed to EmptyOperator (task_id: preparar). Invalid arguments were:\n**kwargs: {'python_callable': <function dizer_ola at 0x76549bbc3c40>}","exc_notes":[],"syntax_error":null,"is_cause":false,"frames":[{"filename":"/home/airflow/.local/lib/python3.12/site-packages/airflow/models/dagbag.py","lineno":394,"name":"parse"},{"filename":"<frozen importlib._bootstrap_external>","lineno":999,"name":"exec_module"},{"filename":"<frozen importlib._bootstrap>","lineno":488,"name":"_call_with_frames_removed"},{"filename":"/opt/airflow/dags/first_dag.py","lineno":21,"name":"<module>"},{"filename":"/home/airflow/.local/lib/python3.12/site-packages/airflow/sdk/bases/operator.py","lineno":502,"name":"apply_defaults"},{"filename":"/home/airflow/.local/lib/python3.12/site-packages/airflow/models/baseoperator.py","lineno":293,"name":"__init__"},{"filename":"/home/airflow/.local/lib/python3.12/site-packages/airflow/sdk/bases/operator.py","lineno":502,"name":"apply_defaults"},{"filename":"/home/airflow/.local/lib/python3.12/site-packages/airflow/sdk/bases/operator.py","lineno":1026,"name":"__init__"}],"is_group":false,"exceptions":[]}]}
{"timestamp":"2026-07-08T17:16:17.591328","level":"info","event":"Filling up the DagBag from /opt/airflow/dags/first_dag.py","logger":"airflow.models.dagbag.DagBag"}
{"timestamp":"2026-07-08T17:16:17.602114","level":"error","event":"Failed to import: /opt/airflow/dags/first_dag.py","logger":"airflow.models.dagbag.DagBag","error_detail":[{"exc_type":"TypeError","exc_value":"Invalid arguments were passed to EmptyOperator (task_id: preparar). Invalid arguments were:\n**kwargs: {'python_callable': <function dizer_ola at 0x76549bbc1a80>}","exc_notes":[],"syntax_error":null,"is_cause":false,"frames":[{"filename":"/home/airflow/.local/lib/python3.12/site-packages/airflow/models/dagbag.py","lineno":394,"name":"parse"},{"filename":"<frozen importlib._bootstrap_external>","lineno":999,"name":"exec_module"},{"filename":"<frozen importlib._bootstrap>","lineno":488,"name":"_call_with_frames_removed"},{"filename":"/opt/airflow/dags/first_dag.py","lineno":21,"name":"<module>"},{"filename":"/home/airflow/.local/lib/python3.12/site-packages/airflow/sdk/bases/operator.py","lineno":502,"name":"apply_defaults"},{"filename":"/home/airflow/.local/lib/python3.12/site-packages/airflow/models/baseoperator.py","lineno":293,"name":"__init__"},{"filename":"/home/airflow/.local/lib/python3.12/site-packages/airflow/sdk/bases/operator.py","lineno":502,"name":"apply_defaults"},{"filename":"/home/airflow/.local/lib/python3.12/site-packages/airflow/sdk/bases/operator.py","lineno":1026,"name":"__init__"}],"is_group":false,"exceptions":[]}]}
{"timestamp":"2026-07-08T17:16:48.028509","level":"info","event":"Filling up the DagBag from /opt/airflow/dags/first_dag.py","logger":"airflow.models.dagbag.DagBag"}
{"timestamp":"2026-07-08T17:16:48.037632","level":"error","event":"Failed to import: /opt/airflow/dags/first_dag.py","logger":"airflow.models.dagbag.DagBag","error_detail":[{"exc_type":"TypeError","exc_value":"Invalid arguments were passed to EmptyOperator (task_id: preparar). Invalid arguments were:\n**kwargs: {'python_callable': <function dizer_ola at 0x76549bd7c7c0>}","exc_notes":[],"syntax_error":null,"is_cause":false,"frames":[{"filename":"/home/airflow/.local/lib/python3.12/site-packages/airflow/models/dagbag.py","lineno":394,"name":"parse"},{"filename":"<frozen importlib._bootstrap_external>","lineno":999,"name":"exec_module"},{"filename":"<frozen importlib._bootstrap>","lineno":488,"name":"_call_with_frames_removed"},{"filename":"/opt/airflow/dags/first_dag.py","lineno":21,"name":"<module>"},{"filename":"/home/airflow/.local/lib/python3.12/site-packages/airflow/sdk/bases/operator.py","lineno":502,"name":"apply_defaults"},{"filename":"/home/airflow/.local/lib/python3.12/site-packages/airflow/models/baseoperator.py","lineno":293,"name":"__init__"},{"filename":"/home/airflow/.local/lib/python3.12/site-packages/airflow/sdk/bases/operator.py","lineno":502,"name":"apply_defaults"},{"filename":"/home/airflow/.local/lib/python3.12/site-packages/airflow/sdk/bases/operator.py","lineno":1026,"name":"__init__"}],"is_group":false,"exceptions":[]}]}
{"timestamp":"2026-07-08T17:17:18.411574","level":"info","event":"Filling up the DagBag from /opt/airflow/dags/first_dag.py","logger":"airflow.models.dagbag.DagBag"}
{"timestamp":"2026-07-08T17:17:18.419876","level":"error","event":"Failed to import: /opt/airflow/dags/first_dag.py","logger":"airflow.models.dagbag.DagBag","error_detail":[{"exc_type":"TypeError","exc_value":"Invalid arguments were passed to EmptyOperator (task_id: preparar). Invalid arguments were:\n**kwargs: {'python_callable': <function dizer_ola at 0x76549bd17740>}","exc_notes":[],"syntax_error":null,"is_cause":false,"frames":[{"filename":"/home/airflow/.local/lib/python3.12/site-packages/airflow/models/dagbag.py","lineno":394,"name":"parse"},{"filename":"<frozen importlib._bootstrap_external>","lineno":999,"name":"exec_module"},{"filename":"<frozen importlib._bootstrap>","lineno":488,"name":"_call_with_frames_removed"},{"filename":"/opt/airflow/dags/first_dag.py","lineno":21,"name":"<module>"},{"filename":"/home/airflow/.local/lib/python3.12/site-packages/airflow/sdk/bases/operator.py","lineno":502,"name":"apply_defaults"},{"filename":"/home/airflow/.local/lib/python3.12/site-packages/airflow/models/baseoperator.py","lineno":293,"name":"__init__"},{"filename":"/home/airflow/.local/lib/python3.12/site-packages/airflow/sdk/bases/operator.py","lineno":502,"name":"apply_defaults"},{"filename":"/home/airflow/.local/lib/python3.12/site-packages/airflow/sdk/bases/operator.py","lineno":1026,"name":"__init__"}],"is_group":false,"exceptions":[]}]}
